2013-09-02 23:37:21 Error: [MissingActionException] Action AppController::webroot() could not be found.
Exception Attributes: array (
  'controller' => 'AppController',
  'action' => 'webroot',
)
Request URL: /~denisvillegas/test/app/webroot/
Stack Trace:
#0 /Users/denisvillegas/Sites/test/lib/Cake/Routing/Dispatcher.php(187): Controller->invokeAction(Object(CakeRequest))
#1 /Users/denisvillegas/Sites/test/lib/Cake/Routing/Dispatcher.php(162): Dispatcher->_invoke(Object(AppController), Object(CakeRequest), Object(CakeResponse))
#2 /Users/denisvillegas/Sites/test/app/webroot/index.php(110): Dispatcher->dispatch(Object(CakeRequest), Object(CakeResponse))
#3 {main}
2013-09-03 00:16:38 Error: [MissingActionException] Action AppController::webroot() could not be found.
Exception Attributes: array (
  'controller' => 'AppController',
  'action' => 'webroot',
)
Request URL: /app/webroot/
Stack Trace:
#0 /Users/denisvillegas/Sites/cakephp/lib/Cake/Routing/Dispatcher.php(187): Controller->invokeAction(Object(CakeRequest))
#1 /Users/denisvillegas/Sites/cakephp/lib/Cake/Routing/Dispatcher.php(162): Dispatcher->_invoke(Object(AppController), Object(CakeRequest), Object(CakeResponse))
#2 /Users/denisvillegas/Sites/cakephp/app/webroot/index.php(110): Dispatcher->dispatch(Object(CakeRequest), Object(CakeResponse))
#3 {main}
2013-09-03 00:17:12 Error: [MissingActionException] Action AppController::webroot() could not be found.
Exception Attributes: array (
  'controller' => 'AppController',
  'action' => 'webroot',
)
Request URL: /app/webroot/
Stack Trace:
#0 /Users/denisvillegas/Sites/cakephp/lib/Cake/Routing/Dispatcher.php(187): Controller->invokeAction(Object(CakeRequest))
#1 /Users/denisvillegas/Sites/cakephp/lib/Cake/Routing/Dispatcher.php(162): Dispatcher->_invoke(Object(AppController), Object(CakeRequest), Object(CakeResponse))
#2 /Users/denisvillegas/Sites/cakephp/app/webroot/index.php(110): Dispatcher->dispatch(Object(CakeRequest), Object(CakeResponse))
#3 {main}
2013-09-03 00:17:20 Error: [MissingActionException] Action AppController::webroot() could not be found.
Exception Attributes: array (
  'controller' => 'AppController',
  'action' => 'webroot',
)
Request URL: /app/webroot/
Stack Trace:
#0 /Users/denisvillegas/Sites/cakephp/lib/Cake/Routing/Dispatcher.php(187): Controller->invokeAction(Object(CakeRequest))
#1 /Users/denisvillegas/Sites/cakephp/lib/Cake/Routing/Dispatcher.php(162): Dispatcher->_invoke(Object(AppController), Object(CakeRequest), Object(CakeResponse))
#2 /Users/denisvillegas/Sites/cakephp/app/webroot/index.php(110): Dispatcher->dispatch(Object(CakeRequest), Object(CakeResponse))
#3 {main}
2013-09-08 09:16:49 Error: [MissingActionException] Action AppController::webroot() could not be found.
Exception Attributes: array (
  'controller' => 'AppController',
  'action' => 'webroot',
)
Request URL: /app/webroot/
Stack Trace:
#0 /Users/denisvillegas/Sites/cakephp/lib/Cake/Routing/Dispatcher.php(187): Controller->invokeAction(Object(CakeRequest))
#1 /Users/denisvillegas/Sites/cakephp/lib/Cake/Routing/Dispatcher.php(162): Dispatcher->_invoke(Object(AppController), Object(CakeRequest), Object(CakeResponse))
#2 /Users/denisvillegas/Sites/cakephp/app/webroot/index.php(110): Dispatcher->dispatch(Object(CakeRequest), Object(CakeResponse))
#3 {main}
2013-09-08 09:17:03 Error: [MissingActionException] Action AppController::webroot() could not be found.
Exception Attributes: array (
  'controller' => 'AppController',
  'action' => 'webroot',
)
Request URL: /app/webroot/
Stack Trace:
#0 /Users/denisvillegas/Sites/cakephp/lib/Cake/Routing/Dispatcher.php(187): Controller->invokeAction(Object(CakeRequest))
#1 /Users/denisvillegas/Sites/cakephp/lib/Cake/Routing/Dispatcher.php(162): Dispatcher->_invoke(Object(AppController), Object(CakeRequest), Object(CakeResponse))
#2 /Users/denisvillegas/Sites/cakephp/app/webroot/index.php(110): Dispatcher->dispatch(Object(CakeRequest), Object(CakeResponse))
#3 {main}
2013-09-08 19:56:27 Error: [MissingControllerException] Controller class ViewController could not be found.
Exception Attributes: array (
  'class' => 'ViewController',
  'plugin' => NULL,
)
Request URL: /view/Pages/home
Stack Trace:
#0 /Users/denisvillegas/Sites/cakephp/app/webroot/index.php(110): Dispatcher->dispatch(Object(CakeRequest), Object(CakeResponse))
#1 {main}
2013-09-08 19:56:47 Error: [MissingControllerException] Controller class SobreController could not be found.
Exception Attributes: array (
  'class' => 'SobreController',
  'plugin' => NULL,
)
Request URL: /sobre
Stack Trace:
#0 /Users/denisvillegas/Sites/cakephp/app/webroot/index.php(110): Dispatcher->dispatch(Object(CakeRequest), Object(CakeResponse))
#1 {main}
2013-09-08 20:01:16 Error: [MissingViewException] View file "/Users/denisvillegas/Sites/cakephp/app/View/Pages/contato.ctp" is missing.
Exception Attributes: array (
  'file' => '/Users/denisvillegas/Sites/cakephp/app/View/Pages/contato.ctp',
)
Request URL: /pages/contato
Stack Trace:
#0 /Users/denisvillegas/Sites/cakephp/lib/Cake/View/View.php(459): View->_getViewFileName('contato')
#1 /Users/denisvillegas/Sites/cakephp/lib/Cake/Controller/Controller.php(952): View->render('contato', NULL)
#2 /Users/denisvillegas/Sites/cakephp/app/Controller/PagesController.php(70): Controller->render('contato')
#3 [internal function]: PagesController->display('contato')
#4 /Users/denisvillegas/Sites/cakephp/lib/Cake/Controller/Controller.php(490): ReflectionMethod->invokeArgs(Object(PagesController), Array)
#5 /Users/denisvillegas/Sites/cakephp/lib/Cake/Routing/Dispatcher.php(187): Controller->invokeAction(Object(CakeRequest))
#6 /Users/denisvillegas/Sites/cakephp/lib/Cake/Routing/Dispatcher.php(162): Dispatcher->_invoke(Object(PagesController), Object(CakeRequest), Object(CakeResponse))
#7 /Users/denisvillegas/Sites/cakephp/app/webroot/index.php(110): Dispatcher->dispatch(Object(CakeRequest), Object(CakeResponse))
#8 {main}
2013-09-08 23:26:59 Error: [MissingViewException] View file "/Users/denisvillegas/Sites/cakephp/app/View/Pages/contato.ctp" is missing.
Exception Attributes: array (
  'file' => '/Users/denisvillegas/Sites/cakephp/app/View/Pages/contato.ctp',
)
Request URL: /pages/contato
Stack Trace:
#0 /Users/denisvillegas/Sites/cakephp/lib/Cake/View/View.php(459): View->_getViewFileName('contato')
#1 /Users/denisvillegas/Sites/cakephp/lib/Cake/Controller/Controller.php(952): View->render('contato', NULL)
#2 /Users/denisvillegas/Sites/cakephp/app/Controller/PagesController.php(70): Controller->render('contato')
#3 [internal function]: PagesController->display('contato')
#4 /Users/denisvillegas/Sites/cakephp/lib/Cake/Controller/Controller.php(490): ReflectionMethod->invokeArgs(Object(PagesController), Array)
#5 /Users/denisvillegas/Sites/cakephp/lib/Cake/Routing/Dispatcher.php(187): Controller->invokeAction(Object(CakeRequest))
#6 /Users/denisvillegas/Sites/cakephp/lib/Cake/Routing/Dispatcher.php(162): Dispatcher->_invoke(Object(PagesController), Object(CakeRequest), Object(CakeResponse))
#7 /Users/denisvillegas/Sites/cakephp/app/webroot/index.php(110): Dispatcher->dispatch(Object(CakeRequest), Object(CakeResponse))
#8 {main}
2013-09-17 01:46:16 Error: [MissingViewException] View file "/Users/denisvillegas/Sites/cakephp/app/View/Pages/estilo.css.ctp" is missing.
Exception Attributes: array (
  'file' => '/Users/denisvillegas/Sites/cakephp/app/View/Pages/estilo.css.ctp',
)
Request URL: /pages/estilo.css
Stack Trace:
#0 /Users/denisvillegas/Sites/cakephp/lib/Cake/View/View.php(459): View->_getViewFileName('estilo.css')
#1 /Users/denisvillegas/Sites/cakephp/lib/Cake/Controller/Controller.php(952): View->render('estilo.css', NULL)
#2 /Users/denisvillegas/Sites/cakephp/app/Controller/PagesController.php(70): Controller->render('estilo.css')
#3 [internal function]: PagesController->display('estilo.css')
#4 /Users/denisvillegas/Sites/cakephp/lib/Cake/Controller/Controller.php(490): ReflectionMethod->invokeArgs(Object(PagesController), Array)
#5 /Users/denisvillegas/Sites/cakephp/lib/Cake/Routing/Dispatcher.php(187): Controller->invokeAction(Object(CakeRequest))
#6 /Users/denisvillegas/Sites/cakephp/lib/Cake/Routing/Dispatcher.php(162): Dispatcher->_invoke(Object(PagesController), Object(CakeRequest), Object(CakeResponse))
#7 /Users/denisvillegas/Sites/cakephp/app/webroot/index.php(110): Dispatcher->dispatch(Object(CakeRequest), Object(CakeResponse))
#8 {main}
2013-09-17 02:03:24 Error: [MissingControllerException] Controller class ImgController could not be found.
Exception Attributes: array (
  'class' => 'ImgController',
  'plugin' => NULL,
)
Request URL: /img/mapa.gif
Stack Trace:
#0 /Users/denisvillegas/Sites/cakephp/app/webroot/index.php(110): Dispatcher->dispatch(Object(CakeRequest), Object(CakeResponse))
#1 {main}
2013-09-17 02:03:24 Error: [MissingViewException] View file "/Users/denisvillegas/Sites/cakephp/app/View/Pages/estilo.css.ctp" is missing.
Exception Attributes: array (
  'file' => '/Users/denisvillegas/Sites/cakephp/app/View/Pages/estilo.css.ctp',
)
Request URL: /pages/estilo.css
Stack Trace:
#0 /Users/denisvillegas/Sites/cakephp/lib/Cake/View/View.php(459): View->_getViewFileName('estilo.css')
#1 /Users/denisvillegas/Sites/cakephp/lib/Cake/Controller/Controller.php(952): View->render('estilo.css', NULL)
#2 /Users/denisvillegas/Sites/cakephp/app/Controller/PagesController.php(70): Controller->render('estilo.css')
#3 [internal function]: PagesController->display('estilo.css')
#4 /Users/denisvillegas/Sites/cakephp/lib/Cake/Controller/Controller.php(490): ReflectionMethod->invokeArgs(Object(PagesController), Array)
#5 /Users/denisvillegas/Sites/cakephp/lib/Cake/Routing/Dispatcher.php(187): Controller->invokeAction(Object(CakeRequest))
#6 /Users/denisvillegas/Sites/cakephp/lib/Cake/Routing/Dispatcher.php(162): Dispatcher->_invoke(Object(PagesController), Object(CakeRequest), Object(CakeResponse))
#7 /Users/denisvillegas/Sites/cakephp/app/webroot/index.php(110): Dispatcher->dispatch(Object(CakeRequest), Object(CakeResponse))
#8 {main}
2013-09-17 02:04:41 Error: [MissingViewException] View file "/Users/denisvillegas/Sites/cakephp/app/View/Pages/estilo.css.ctp" is missing.
Exception Attributes: array (
  'file' => '/Users/denisvillegas/Sites/cakephp/app/View/Pages/estilo.css.ctp',
)
Request URL: /pages/estilo.css
Stack Trace:
#0 /Users/denisvillegas/Sites/cakephp/lib/Cake/View/View.php(459): View->_getViewFileName('estilo.css')
#1 /Users/denisvillegas/Sites/cakephp/lib/Cake/Controller/Controller.php(952): View->render('estilo.css', NULL)
#2 /Users/denisvillegas/Sites/cakephp/app/Controller/PagesController.php(70): Controller->render('estilo.css')
#3 [internal function]: PagesController->display('estilo.css')
#4 /Users/denisvillegas/Sites/cakephp/lib/Cake/Controller/Controller.php(490): ReflectionMethod->invokeArgs(Object(PagesController), Array)
#5 /Users/denisvillegas/Sites/cakephp/lib/Cake/Routing/Dispatcher.php(187): Controller->invokeAction(Object(CakeRequest))
#6 /Users/denisvillegas/Sites/cakephp/lib/Cake/Routing/Dispatcher.php(162): Dispatcher->_invoke(Object(PagesController), Object(CakeRequest), Object(CakeResponse))
#7 /Users/denisvillegas/Sites/cakephp/app/webroot/index.php(110): Dispatcher->dispatch(Object(CakeRequest), Object(CakeResponse))
#8 {main}
2013-09-17 02:09:20 Error: [MissingViewException] View file "/Users/denisvillegas/Sites/cakephp/app/View/Pages/estilo.css.ctp" is missing.
Exception Attributes: array (
  'file' => '/Users/denisvillegas/Sites/cakephp/app/View/Pages/estilo.css.ctp',
)
Request URL: /pages/estilo.css
Stack Trace:
#0 /Users/denisvillegas/Sites/cakephp/lib/Cake/View/View.php(459): View->_getViewFileName('estilo.css')
#1 /Users/denisvillegas/Sites/cakephp/lib/Cake/Controller/Controller.php(952): View->render('estilo.css', NULL)
#2 /Users/denisvillegas/Sites/cakephp/app/Controller/PagesController.php(70): Controller->render('estilo.css')
#3 [internal function]: PagesController->display('estilo.css')
#4 /Users/denisvillegas/Sites/cakephp/lib/Cake/Controller/Controller.php(490): ReflectionMethod->invokeArgs(Object(PagesController), Array)
#5 /Users/denisvillegas/Sites/cakephp/lib/Cake/Routing/Dispatcher.php(187): Controller->invokeAction(Object(CakeRequest))
#6 /Users/denisvillegas/Sites/cakephp/lib/Cake/Routing/Dispatcher.php(162): Dispatcher->_invoke(Object(PagesController), Object(CakeRequest), Object(CakeResponse))
#7 /Users/denisvillegas/Sites/cakephp/app/webroot/index.php(110): Dispatcher->dispatch(Object(CakeRequest), Object(CakeResponse))
#8 {main}
2013-09-17 02:14:52 Error: [MissingActionException] Action PagesController::sobre() could not be found.
Exception Attributes: array (
  'controller' => 'PagesController',
  'action' => 'sobre',
)
Request URL: /sobre
Stack Trace:
#0 /Users/denisvillegas/Sites/cakephp/lib/Cake/Routing/Dispatcher.php(187): Controller->invokeAction(Object(CakeRequest))
#1 /Users/denisvillegas/Sites/cakephp/lib/Cake/Routing/Dispatcher.php(162): Dispatcher->_invoke(Object(PagesController), Object(CakeRequest), Object(CakeResponse))
#2 /Users/denisvillegas/Sites/cakephp/app/webroot/index.php(110): Dispatcher->dispatch(Object(CakeRequest), Object(CakeResponse))
#3 {main}
2013-09-17 02:16:20 Error: [MissingControllerException] Controller class Estilo.cssController could not be found.
Exception Attributes: array (
  'class' => 'Estilo.cssController',
  'plugin' => NULL,
)
Request URL: /estilo.css
Stack Trace:
#0 /Users/denisvillegas/Sites/cakephp/app/webroot/index.php(110): Dispatcher->dispatch(Object(CakeRequest), Object(CakeResponse))
#1 {main}
2013-09-17 02:16:29 Error: [MissingControllerException] Controller class Estilo.cssController could not be found.
Exception Attributes: array (
  'class' => 'Estilo.cssController',
  'plugin' => NULL,
)
Request URL: /estilo.css
Stack Trace:
#0 /Users/denisvillegas/Sites/cakephp/app/webroot/index.php(110): Dispatcher->dispatch(Object(CakeRequest), Object(CakeResponse))
#1 {main}
2013-09-17 02:17:23 Error: [MissingControllerException] Controller class Estilo.cssController could not be found.
Exception Attributes: array (
  'class' => 'Estilo.cssController',
  'plugin' => NULL,
)
Request URL: /estilo.css
Stack Trace:
#0 /Users/denisvillegas/Sites/cakephp/app/webroot/index.php(110): Dispatcher->dispatch(Object(CakeRequest), Object(CakeResponse))
#1 {main}
2013-09-17 02:17:49 Error: [MissingControllerException] Controller class Estilo.cssController could not be found.
Exception Attributes: array (
  'class' => 'Estilo.cssController',
  'plugin' => NULL,
)
Request URL: /estilo.css
Stack Trace:
#0 /Users/denisvillegas/Sites/cakephp/app/webroot/index.php(110): Dispatcher->dispatch(Object(CakeRequest), Object(CakeResponse))
#1 {main}
2013-09-17 02:18:26 Error: [MissingControllerException] Controller class Estilo.cssController could not be found.
Exception Attributes: array (
  'class' => 'Estilo.cssController',
  'plugin' => NULL,
)
Request URL: /estilo.css
Stack Trace:
#0 /Users/denisvillegas/Sites/cakephp/app/webroot/index.php(110): Dispatcher->dispatch(Object(CakeRequest), Object(CakeResponse))
#1 {main}
2013-09-17 02:18:31 Error: [MissingControllerException] Controller class Estilo.cssController could not be found.
Exception Attributes: array (
  'class' => 'Estilo.cssController',
  'plugin' => NULL,
)
Request URL: /estilo.css
Stack Trace:
#0 /Users/denisvillegas/Sites/cakephp/app/webroot/index.php(110): Dispatcher->dispatch(Object(CakeRequest), Object(CakeResponse))
#1 {main}
2013-09-17 02:18:31 Error: [MissingControllerException] Controller class Estilo.cssController could not be found.
Exception Attributes: array (
  'class' => 'Estilo.cssController',
  'plugin' => NULL,
)
Request URL: /estilo.css
Stack Trace:
#0 /Users/denisvillegas/Sites/cakephp/app/webroot/index.php(110): Dispatcher->dispatch(Object(CakeRequest), Object(CakeResponse))
#1 {main}
2013-09-17 02:34:35 Error: [MissingControllerException] Controller class ImagesController could not be found.
Exception Attributes: array (
  'class' => 'ImagesController',
  'plugin' => NULL,
)
Request URL: /images/pic.jpg
Stack Trace:
#0 /Users/denisvillegas/Sites/cakephp/app/webroot/index.php(110): Dispatcher->dispatch(Object(CakeRequest), Object(CakeResponse))
#1 {main}
2013-09-17 02:34:35 Error: [MissingControllerException] Controller class CssController could not be found.
Exception Attributes: array (
  'class' => 'CssController',
  'plugin' => NULL,
)
Request URL: /css/images/a1.gif
Stack Trace:
#0 /Users/denisvillegas/Sites/cakephp/app/webroot/index.php(110): Dispatcher->dispatch(Object(CakeRequest), Object(CakeResponse))
#1 {main}
2013-09-17 02:34:35 Error: [MissingControllerException] Controller class CssController could not be found.
Exception Attributes: array (
  'class' => 'CssController',
  'plugin' => NULL,
)
Request URL: /css/images/a3.gif
Stack Trace:
#0 /Users/denisvillegas/Sites/cakephp/app/webroot/index.php(110): Dispatcher->dispatch(Object(CakeRequest), Object(CakeResponse))
#1 {main}
2013-09-17 02:34:35 Error: [MissingControllerException] Controller class CssController could not be found.
Exception Attributes: array (
  'class' => 'CssController',
  'plugin' => NULL,
)
Request URL: /css/images/x1.gif
Stack Trace:
#0 /Users/denisvillegas/Sites/cakephp/app/webroot/index.php(110): Dispatcher->dispatch(Object(CakeRequest), Object(CakeResponse))
#1 {main}
2013-09-17 02:34:35 Error: [MissingControllerException] Controller class CssController could not be found.
Exception Attributes: array (
  'class' => 'CssController',
  'plugin' => NULL,
)
Request URL: /css/images/a2.gif
Stack Trace:
#0 /Users/denisvillegas/Sites/cakephp/app/webroot/index.php(110): Dispatcher->dispatch(Object(CakeRequest), Object(CakeResponse))
#1 {main}
2013-09-17 02:34:35 Error: [MissingControllerException] Controller class CssController could not be found.
Exception Attributes: array (
  'class' => 'CssController',
  'plugin' => NULL,
)
Request URL: /css/images/bbg0.gif
Stack Trace:
#0 /Users/denisvillegas/Sites/cakephp/app/webroot/index.php(110): Dispatcher->dispatch(Object(CakeRequest), Object(CakeResponse))
#1 {main}
2013-09-17 02:34:35 Error: [MissingControllerException] Controller class CssController could not be found.
Exception Attributes: array (
  'class' => 'CssController',
  'plugin' => NULL,
)
Request URL: /css/images/a4.gif
Stack Trace:
#0 /Users/denisvillegas/Sites/cakephp/app/webroot/index.php(110): Dispatcher->dispatch(Object(CakeRequest), Object(CakeResponse))
#1 {main}
2013-09-17 02:34:37 Error: [MissingControllerException] Controller class CssController could not be found.
Exception Attributes: array (
  'class' => 'CssController',
  'plugin' => NULL,
)
Request URL: /css/images/x2.gif
Stack Trace:
#0 /Users/denisvillegas/Sites/cakephp/app/webroot/index.php(110): Dispatcher->dispatch(Object(CakeRequest), Object(CakeResponse))
#1 {main}
2013-09-17 02:34:37 Error: [MissingControllerException] Controller class CssController could not be found.
Exception Attributes: array (
  'class' => 'CssController',
  'plugin' => NULL,
)
Request URL: /css/images/bbg1.gif
Stack Trace:
#0 /Users/denisvillegas/Sites/cakephp/app/webroot/index.php(110): Dispatcher->dispatch(Object(CakeRequest), Object(CakeResponse))
#1 {main}
2013-09-17 02:39:07 Error: [MissingControllerException] Controller class CssController could not be found.
Exception Attributes: array (
  'class' => 'CssController',
  'plugin' => NULL,
)
Request URL: /css/images/bbg1.gif
Stack Trace:
#0 /Users/denisvillegas/Sites/cakephp/app/webroot/index.php(110): Dispatcher->dispatch(Object(CakeRequest), Object(CakeResponse))
#1 {main}
2013-09-17 02:40:26 Error: [MissingControllerException] Controller class CssController could not be found.
Exception Attributes: array (
  'class' => 'CssController',
  'plugin' => NULL,
)
Request URL: /css/img/a2.gif
Stack Trace:
#0 /Users/denisvillegas/Sites/cakephp/app/webroot/index.php(110): Dispatcher->dispatch(Object(CakeRequest), Object(CakeResponse))
#1 {main}
2013-09-17 02:40:26 Error: [MissingControllerException] Controller class CssController could not be found.
Exception Attributes: array (
  'class' => 'CssController',
  'plugin' => NULL,
)
Request URL: /css/img/bbg0.gif
Stack Trace:
#0 /Users/denisvillegas/Sites/cakephp/app/webroot/index.php(110): Dispatcher->dispatch(Object(CakeRequest), Object(CakeResponse))
#1 {main}
2013-09-17 02:40:26 Error: [MissingControllerException] Controller class CssController could not be found.
Exception Attributes: array (
  'class' => 'CssController',
  'plugin' => NULL,
)
Request URL: /css/img/a3.gif
Stack Trace:
#0 /Users/denisvillegas/Sites/cakephp/app/webroot/index.php(110): Dispatcher->dispatch(Object(CakeRequest), Object(CakeResponse))
#1 {main}
2013-09-17 02:40:26 Error: [MissingControllerException] Controller class CssController could not be found.
Exception Attributes: array (
  'class' => 'CssController',
  'plugin' => NULL,
)
Request URL: /css/img/x1.gif
Stack Trace:
#0 /Users/denisvillegas/Sites/cakephp/app/webroot/index.php(110): Dispatcher->dispatch(Object(CakeRequest), Object(CakeResponse))
#1 {main}
2013-09-17 02:40:26 Error: [MissingControllerException] Controller class CssController could not be found.
Exception Attributes: array (
  'class' => 'CssController',
  'plugin' => NULL,
)
Request URL: /css/img/a1.gif
Stack Trace:
#0 /Users/denisvillegas/Sites/cakephp/app/webroot/index.php(110): Dispatcher->dispatch(Object(CakeRequest), Object(CakeResponse))
#1 {main}
2013-09-17 02:40:26 Error: [MissingControllerException] Controller class CssController could not be found.
Exception Attributes: array (
  'class' => 'CssController',
  'plugin' => NULL,
)
Request URL: /css/img/a4.gif
Stack Trace:
#0 /Users/denisvillegas/Sites/cakephp/app/webroot/index.php(110): Dispatcher->dispatch(Object(CakeRequest), Object(CakeResponse))
#1 {main}
2013-09-17 02:40:29 Error: [MissingControllerException] Controller class CssController could not be found.
Exception Attributes: array (
  'class' => 'CssController',
  'plugin' => NULL,
)
Request URL: /css/img/bbg1.gif
Stack Trace:
#0 /Users/denisvillegas/Sites/cakephp/app/webroot/index.php(110): Dispatcher->dispatch(Object(CakeRequest), Object(CakeResponse))
#1 {main}
2013-09-17 02:40:29 Error: [MissingControllerException] Controller class CssController could not be found.
Exception Attributes: array (
  'class' => 'CssController',
  'plugin' => NULL,
)
Request URL: /css/img/x2.gif
Stack Trace:
#0 /Users/denisvillegas/Sites/cakephp/app/webroot/index.php(110): Dispatcher->dispatch(Object(CakeRequest), Object(CakeResponse))
#1 {main}
2013-09-17 02:56:35 Error: [MissingControllerException] Controller class Estilo.cssController could not be found.
Exception Attributes: array (
  'class' => 'Estilo.cssController',
  'plugin' => NULL,
)
Request URL: /estilo.css
Stack Trace:
#0 /Users/denisvillegas/Sites/cakephp/app/webroot/index.php(110): Dispatcher->dispatch(Object(CakeRequest), Object(CakeResponse))
#1 {main}
2013-09-17 02:56:40 Error: [MissingControllerException] Controller class Estilo.cssController could not be found.
Exception Attributes: array (
  'class' => 'Estilo.cssController',
  'plugin' => NULL,
)
Request URL: /estilo.css
Stack Trace:
#0 /Users/denisvillegas/Sites/cakephp/app/webroot/index.php(110): Dispatcher->dispatch(Object(CakeRequest), Object(CakeResponse))
#1 {main}
2013-09-17 02:56:42 Error: [MissingControllerException] Controller class Estilo.cssController could not be found.
Exception Attributes: array (
  'class' => 'Estilo.cssController',
  'plugin' => NULL,
)
Request URL: /estilo.css
Stack Trace:
#0 /Users/denisvillegas/Sites/cakephp/app/webroot/index.php(110): Dispatcher->dispatch(Object(CakeRequest), Object(CakeResponse))
#1 {main}
2013-09-17 02:57:00 Error: [MissingControllerException] Controller class Estilo.cssController could not be found.
Exception Attributes: array (
  'class' => 'Estilo.cssController',
  'plugin' => NULL,
)
Request URL: /estilo.css
Stack Trace:
#0 /Users/denisvillegas/Sites/cakephp/app/webroot/index.php(110): Dispatcher->dispatch(Object(CakeRequest), Object(CakeResponse))
#1 {main}
2013-09-17 02:57:52 Error: [MissingControllerException] Controller class Estilo.cssController could not be found.
Exception Attributes: array (
  'class' => 'Estilo.cssController',
  'plugin' => NULL,
)
Request URL: /estilo.css
Stack Trace:
#0 /Users/denisvillegas/Sites/cakephp/app/webroot/index.php(110): Dispatcher->dispatch(Object(CakeRequest), Object(CakeResponse))
#1 {main}
2013-09-17 02:57:58 Error: [MissingControllerException] Controller class Estilo.cssController could not be found.
Exception Attributes: array (
  'class' => 'Estilo.cssController',
  'plugin' => NULL,
)
Request URL: /estilo.css
Stack Trace:
#0 /Users/denisvillegas/Sites/cakephp/app/webroot/index.php(110): Dispatcher->dispatch(Object(CakeRequest), Object(CakeResponse))
#1 {main}
2013-09-17 03:05:47 Error: [MissingControllerException] Controller class Estilo.cssController could not be found.
Exception Attributes: array (
  'class' => 'Estilo.cssController',
  'plugin' => NULL,
)
Request URL: /estilo.css
Stack Trace:
#0 /Users/denisvillegas/Sites/cakephp/app/webroot/index.php(110): Dispatcher->dispatch(Object(CakeRequest), Object(CakeResponse))
#1 {main}
2013-09-17 03:10:55 Error: [MissingControllerException] Controller class Estilo.cssController could not be found.
Exception Attributes: array (
  'class' => 'Estilo.cssController',
  'plugin' => NULL,
)
Request URL: /estilo.css
Stack Trace:
#0 /Users/denisvillegas/Sites/cakephp/app/webroot/index.php(110): Dispatcher->dispatch(Object(CakeRequest), Object(CakeResponse))
#1 {main}
